----------

Tue Mar 12 2024 11:37:31 GMT+0000 (Greenwich Mean Time)

Couldn't execute script C:\Users\XCY\Desktop\New Text Document.txt

----------

Wed Mar 13 2024 10:44:32 GMT+0000 (Greenwich Mean Time)

Couldn't execute script C:\Users\XCY\Desktop\run.txt

----------

Wed Mar 13 2024 13:09:25 GMT+0000 (Greenwich Mean Time)

fatal: not a git repository (or any of the parent directories): .git


----------

Wed Mar 13 2024 13:09:25 GMT+0000 (Greenwich Mean Time)

fatal: not a git repository (or any of the parent directories): .git


----------

Wed Mar 13 2024 13:09:25 GMT+0000 (Greenwich Mean Time)

fatal: not a git repository (or any of the parent directories): .git


----------

Wed Mar 13 2024 13:10:01 GMT+0000 (Greenwich Mean Time)

fatal: not a git repository (or any of the parent directories): .git


----------

Wed Mar 13 2024 13:10:01 GMT+0000 (Greenwich Mean Time)

fatal: not a git repository (or any of the parent directories): .git


----------

Wed Mar 13 2024 13:10:01 GMT+0000 (Greenwich Mean Time)

fatal: not a git repository (or any of the parent directories): .git


----------

Wed Mar 13 2024 13:11:03 GMT+0000 (Greenwich Mean Time)

fatal: not a git repository (or any of the parent directories): .git


----------

Wed Mar 13 2024 13:11:03 GMT+0000 (Greenwich Mean Time)

fatal: not a git repository (or any of the parent directories): .git


----------

Wed Mar 13 2024 13:11:03 GMT+0000 (Greenwich Mean Time)

fatal: not a git repository (or any of the parent directories): .git


----------

Wed Mar 13 2024 13:11:21 GMT+0000 (Greenwich Mean Time)

fatal: not a git repository (or any of the parent directories): .git


----------

Wed Mar 13 2024 13:11:21 GMT+0000 (Greenwich Mean Time)

fatal: not a git repository (or any of the parent directories): .git


----------

Wed Mar 13 2024 13:11:21 GMT+0000 (Greenwich Mean Time)

fatal: not a git repository (or any of the parent directories): .git


----------

Wed Mar 13 2024 22:21:41 GMT+0000 (Greenwich Mean Time)

fatal: not a git repository (or any of the parent directories): .git


----------

Wed Mar 13 2024 22:21:41 GMT+0000 (Greenwich Mean Time)

fatal: not a git repository (or any of the parent directories): .git


----------

Wed Mar 13 2024 22:21:41 GMT+0000 (Greenwich Mean Time)

fatal: not a git repository (or any of the parent directories): .git


----------

Thu Mar 21 2024 12:39:45 GMT+0000 (Greenwich Mean Time)

fatal: not a git repository (or any of the parent directories): .git


----------

Thu Mar 21 2024 12:39:45 GMT+0000 (Greenwich Mean Time)

fatal: not a git repository (or any of the parent directories): .git


----------

Thu Mar 21 2024 12:39:45 GMT+0000 (Greenwich Mean Time)

fatal: not a git repository (or any of the parent directories): .git


----------

Thu Mar 21 2024 12:43:47 GMT+0000 (Greenwich Mean Time)

fatal: not a git repository (or any of the parent directories): .git


----------

Thu Mar 21 2024 12:43:47 GMT+0000 (Greenwich Mean Time)

fatal: not a git repository (or any of the parent directories): .git


----------

Thu Mar 21 2024 12:43:47 GMT+0000 (Greenwich Mean Time)

fatal: not a git repository (or any of the parent directories): .git


----------

Thu Mar 21 2024 13:00:58 GMT+0000 (Greenwich Mean Time)

fatal: not a git repository (or any of the parent directories): .git


----------

Thu Mar 21 2024 13:00:58 GMT+0000 (Greenwich Mean Time)

fatal: not a git repository (or any of the parent directories): .git


----------

Thu Mar 21 2024 13:00:58 GMT+0000 (Greenwich Mean Time)

fatal: not a git repository (or any of the parent directories): .git


----------

Thu Mar 21 2024 13:19:11 GMT+0000 (Greenwich Mean Time)

fatal: not a git repository (or any of the parent directories): .git


----------

Thu Mar 21 2024 13:19:11 GMT+0000 (Greenwich Mean Time)

fatal: not a git repository (or any of the parent directories): .git


----------

Thu Mar 21 2024 13:19:11 GMT+0000 (Greenwich Mean Time)

fatal: not a git repository (or any of the parent directories): .git


----------

Thu Mar 21 2024 13:25:38 GMT+0000 (Greenwich Mean Time)

fatal: not a git repository (or any of the parent directories): .git


----------

Thu Mar 21 2024 13:25:38 GMT+0000 (Greenwich Mean Time)

fatal: not a git repository (or any of the parent directories): .git


----------

Thu Mar 21 2024 13:25:38 GMT+0000 (Greenwich Mean Time)

fatal: not a git repository (or any of the parent directories): .git


----------

Thu Mar 21 2024 13:26:06 GMT+0000 (Greenwich Mean Time)

fatal: not a git repository (or any of the parent directories): .git


----------

Thu Mar 21 2024 13:26:06 GMT+0000 (Greenwich Mean Time)

fatal: not a git repository (or any of the parent directories): .git


----------

Thu Mar 21 2024 13:26:06 GMT+0000 (Greenwich Mean Time)

fatal: not a git repository (or any of the parent directories): .git


----------

Thu Mar 21 2024 22:04:53 GMT+0000 (Greenwich Mean Time)

fatal: not a git repository (or any of the parent directories): .git


----------

Thu Mar 21 2024 22:04:53 GMT+0000 (Greenwich Mean Time)

fatal: not a git repository (or any of the parent directories): .git


----------

Thu Mar 21 2024 22:04:53 GMT+0000 (Greenwich Mean Time)

fatal: not a git repository (or any of the parent directories): .git


----------

Thu Mar 21 2024 22:11:41 GMT+0000 (Greenwich Mean Time)

fatal: not a git repository (or any of the parent directories): .git


----------

Thu Mar 21 2024 22:11:41 GMT+0000 (Greenwich Mean Time)

fatal: not a git repository (or any of the parent directories): .git


----------

Thu Mar 21 2024 22:11:41 GMT+0000 (Greenwich Mean Time)

fatal: not a git repository (or any of the parent directories): .git


----------

Thu Mar 21 2024 22:23:38 GMT+0000 (Greenwich Mean Time)

fatal: not a git repository (or any of the parent directories): .git


----------

Thu Mar 21 2024 22:23:38 GMT+0000 (Greenwich Mean Time)

fatal: not a git repository (or any of the parent directories): .git


----------

Thu Mar 21 2024 22:23:38 GMT+0000 (Greenwich Mean Time)

fatal: not a git repository (or any of the parent directories): .git


----------

Fri Mar 22 2024 09:21:38 GMT+0000 (Greenwich Mean Time)

fatal: not a git repository (or any of the parent directories): .git


----------

Fri Mar 22 2024 09:21:38 GMT+0000 (Greenwich Mean Time)

fatal: not a git repository (or any of the parent directories): .git


----------

Fri Mar 22 2024 09:21:38 GMT+0000 (Greenwich Mean Time)

fatal: not a git repository (or any of the parent directories): .git


----------

Sat Mar 23 2024 16:05:05 GMT+0000 (Greenwich Mean Time)

fatal: not a git repository (or any of the parent directories): .git


----------

Sat Mar 23 2024 16:05:05 GMT+0000 (Greenwich Mean Time)

fatal: not a git repository (or any of the parent directories): .git


----------

Sat Mar 23 2024 16:05:05 GMT+0000 (Greenwich Mean Time)

fatal: not a git repository (or any of the parent directories): .git


----------

Sat Mar 23 2024 16:07:00 GMT+0000 (Greenwich Mean Time)

fatal: not a git repository (or any of the parent directories): .git


----------

Sat Mar 23 2024 16:07:00 GMT+0000 (Greenwich Mean Time)

fatal: not a git repository (or any of the parent directories): .git


----------

Sat Mar 23 2024 16:07:00 GMT+0000 (Greenwich Mean Time)

fatal: not a git repository (or any of the parent directories): .git


----------

Sat Mar 23 2024 16:07:54 GMT+0000 (Greenwich Mean Time)

fatal: not a git repository (or any of the parent directories): .git


----------

Sat Mar 23 2024 16:07:54 GMT+0000 (Greenwich Mean Time)

fatal: not a git repository (or any of the parent directories): .git


----------

Sat Mar 23 2024 16:07:54 GMT+0000 (Greenwich Mean Time)

fatal: not a git repository (or any of the parent directories): .git


----------

Sat Mar 23 2024 21:27:59 GMT+0000 (Greenwich Mean Time)

fatal: not a git repository (or any of the parent directories): .git


----------

Sat Mar 23 2024 21:27:59 GMT+0000 (Greenwich Mean Time)

fatal: not a git repository (or any of the parent directories): .git


----------

Sat Mar 23 2024 21:27:59 GMT+0000 (Greenwich Mean Time)

fatal: not a git repository (or any of the parent directories): .git


----------

Sat Mar 23 2024 21:32:36 GMT+0000 (Greenwich Mean Time)

fatal: not a git repository (or any of the parent directories): .git


----------

Sat Mar 23 2024 21:32:36 GMT+0000 (Greenwich Mean Time)

fatal: not a git repository (or any of the parent directories): .git


----------

Sat Mar 23 2024 21:32:36 GMT+0000 (Greenwich Mean Time)

fatal: not a git repository (or any of the parent directories): .git


----------

Sun Mar 24 2024 10:05:59 GMT+0000 (Greenwich Mean Time)

fatal: not a git repository (or any of the parent directories): .git


----------

Sun Mar 24 2024 10:05:59 GMT+0000 (Greenwich Mean Time)

fatal: not a git repository (or any of the parent directories): .git


----------

Sun Mar 24 2024 10:05:59 GMT+0000 (Greenwich Mean Time)

fatal: not a git repository (or any of the parent directories): .git


----------

Sun Mar 24 2024 22:24:10 GMT+0000 (Greenwich Mean Time)

fatal: not a git repository (or any of the parent directories): .git


----------

Sun Mar 24 2024 22:24:10 GMT+0000 (Greenwich Mean Time)

fatal: not a git repository (or any of the parent directories): .git


----------

Sun Mar 24 2024 22:24:10 GMT+0000 (Greenwich Mean Time)

fatal: not a git repository (or any of the parent directories): .git


----------

Mon Mar 25 2024 21:34:41 GMT+0000 (Greenwich Mean Time)

fatal: not a git repository (or any of the parent directories): .git


----------

Mon Mar 25 2024 21:34:41 GMT+0000 (Greenwich Mean Time)

fatal: not a git repository (or any of the parent directories): .git


----------

Mon Mar 25 2024 21:34:41 GMT+0000 (Greenwich Mean Time)

fatal: not a git repository (or any of the parent directories): .git


----------

Mon Mar 25 2024 21:39:35 GMT+0000 (Greenwich Mean Time)

fatal: not a git repository (or any of the parent directories): .git


----------

Mon Mar 25 2024 21:39:35 GMT+0000 (Greenwich Mean Time)

fatal: not a git repository (or any of the parent directories): .git


----------

Mon Mar 25 2024 21:39:35 GMT+0000 (Greenwich Mean Time)

fatal: not a git repository (or any of the parent directories): .git


